Performing C++ SOURCE FILE Test MISSING_OSTREAM_NULLPTR_OPERATOR failed with the following output:
Change Dir: /home/stas/source/ns-3.37/cmake-cache/CMakeFiles/CMakeTmp

Run Build Command(s):/usr/bin/ninja cmTC_05041 && [1/2] Building CXX object CMakeFiles/cmTC_05041.dir/src.cxx.o
FAILED: CMakeFiles/cmTC_05041.dir/src.cxx.o 
/usr/bin/c++    -DMISSING_OSTREAM_NULLPTR_OPERATOR -fPIE   -std=gnu++17 -o CMakeFiles/cmTC_05041.dir/src.cxx.o -c src.cxx
src.cxx: In function ‘int main()’:
src.cxx:11:12: error: ambiguous overload for ‘operator<<’ (operand types are ‘std::ostream’ {aka ‘std::basic_ostream<char>’} and ‘std::nullptr_t’)
   11 |         os << std::nullptr_t();
      |         ~~~^~~~~~~~~~~~~~~~~~~
In file included from /usr/include/c++/9/iostream:39,
                 from src.cxx:2:
/usr/include/c++/9/ostream:108:7: note: candidate: ‘std::basic_ostream<_CharT, _Traits>::__ostream_type& std::basic_ostream<_CharT, _Traits>::operator<<(std::basic_ostream<_CharT, _Traits>::__ostream_type& (*)(std::basic_ostream<_CharT, _Traits>::__ostream_type&)) [with _CharT = char; _Traits = std::char_traits<char>; std::basic_ostream<_CharT, _Traits>::__ostream_type = std::basic_ostream<char>]’
  108 |       operator<<(__ostream_type& (*__pf)(__ostream_type&))
      |       ^~~~~~~~
/usr/include/c++/9/ostream:117:7: note: candidate: ‘std::basic_ostream<_CharT, _Traits>::__ostream_type& std::basic_ostream<_CharT, _Traits>::operator<<(std::basic_ostream<_CharT, _Traits>::__ios_type& (*)(std::basic_ostream<_CharT, _Traits>::__ios_type&)) [with _CharT = char; _Traits = std::char_traits<char>; std::basic_ostream<_CharT, _Traits>::__ostream_type = std::basic_ostream<char>; std::basic_ostream<_CharT, _Traits>::__ios_type = std::basic_ios<char>]’
  117 |       operator<<(__ios_type& (*__pf)(__ios_type&))
      |       ^~~~~~~~
/usr/include/c++/9/ostream:127:7: note: candidate: ‘std::basic_ostream<_CharT, _Traits>::__ostream_type& std::basic_ostream<_CharT, _Traits>::operator<<(std::ios_base& (*)(std::ios_base&)) [with _CharT = char; _Traits = std::char_traits<char>; std::basic_ostream<_CharT, _Traits>::__ostream_type = std::basic_ostream<char>]’
  127 |       operator<<(ios_base& (*__pf) (ios_base&))
      |       ^~~~~~~~
/usr/include/c++/9/ostream:245:7: note: candidate: ‘std::basic_ostream<_CharT, _Traits>::__ostream_type& std::basic_ostream<_CharT, _Traits>::operator<<(const void*) [with _CharT = char; _Traits = std::char_traits<char>; std::basic_ostream<_CharT, _Traits>::__ostream_type = std::basic_ostream<char>]’
  245 |       operator<<(const void* __p)
      |       ^~~~~~~~
/usr/include/c++/9/ostream:250:7: note: candidate: ‘std::basic_ostream<_CharT, _Traits>::__ostream_type& std::basic_ostream<_CharT, _Traits>::operator<<(std::nullptr_t) [with _CharT = char; _Traits = std::char_traits<char>; std::basic_ostream<_CharT, _Traits>::__ostream_type = std::basic_ostream<char>; std::nullptr_t = std::nullptr_t]’
  250 |       operator<<(nullptr_t)
      |       ^~~~~~~~
In file included from /usr/include/c++/9/ostream:702,
                 from /usr/include/c++/9/iostream:39,
                 from src.cxx:2:
/usr/include/c++/9/bits/ostream.tcc:119:5: note: candidate: ‘std::basic_ostream<_CharT, _Traits>& std::basic_ostream<_CharT, _Traits>::operator<<(std::basic_ostream<_CharT, _Traits>::__streambuf_type*) [with _CharT = char; _Traits = std::char_traits<char>; std::basic_ostream<_CharT, _Traits>::__streambuf_type = std::basic_streambuf<char>]’
  119 |     basic_ostream<_CharT, _Traits>::
      |     ^~~~~~~~~~~~~~~~~~~~~~~~~~~~~~
src.cxx:4:26: note: candidate: ‘std::ostream& operator<<(std::ostream&, std::nullptr_t)’
    4 |     inline std::ostream& operator << (std::ostream& os, std::nullptr_t ptr)
      |                          ^~~~~~~~
In file included from /usr/include/c++/9/ostream:702,
                 from /usr/include/c++/9/iostream:39,
                 from src.cxx:2:
/usr/include/c++/9/bits/ostream.tcc:321:5: note: candidate: ‘std::basic_ostream<_CharT, _Traits>& std::operator<<(std::basic_ostream<_CharT, _Traits>&, const char*) [with _CharT = char; _Traits = std::char_traits<char>]’
  321 |     operator<<(basic_ostream<_CharT, _Traits>& __out, const char* __s)
      |     ^~~~~~~~
In file included from /usr/include/c++/9/iostream:39,
                 from src.cxx:2:
/usr/include/c++/9/ostream:565:5: note: candidate: ‘std::basic_ostream<char, _Traits>& std::operator<<(std::basic_ostream<char, _Traits>&, const char*) [with _Traits = std::char_traits<char>]’
  565 |     operator<<(basic_ostream<char, _Traits>& __out, const char* __s)
      |     ^~~~~~~~
/usr/include/c++/9/ostream:578:5: note: candidate: ‘std::basic_ostream<char, _Traits>& std::operator<<(std::basic_ostream<char, _Traits>&, const signed char*) [with _Traits = std::char_traits<char>]’
  578 |     operator<<(basic_ostream<char, _Traits>& __out, const signed char* __s)
      |     ^~~~~~~~
/usr/include/c++/9/ostream:583:5: note: candidate: ‘std::basic_ostream<char, _Traits>& std::operator<<(std::basic_ostream<char, _Traits>&, const unsigned char*) [with _Traits = std::char_traits<char>]’
  583 |     operator<<(basic_ostream<char, _Traits>& __out, const unsigned char* __s)
      |     ^~~~~~~~
ninja: build stopped: subcommand failed.


Source file was:

    #include <iostream>
    #include <cstddef>
    inline std::ostream& operator << (std::ostream& os, std::nullptr_t ptr)
    {
      return os << "nullptr"; //whatever you want nullptr to show up as in the console
    }
    int main()
    {
        std::ostream os(NULL);
        os << std::nullptr_t();
        return 0;
    }
    
Performing C SOURCE FILE Test CMAKE_HAVE_LIBC_PTHREAD failed with the following output:
Change Dir: /home/stas/source/ns-3.37/cmake-cache/CMakeFiles/CMakeTmp

Run Build Command(s):/usr/bin/ninja cmTC_f7536 && [1/2] Building C object CMakeFiles/cmTC_f7536.dir/src.c.o
[2/2] Linking C executable cmTC_f7536
FAILED: cmTC_f7536 
: && /usr/bin/cc -DCMAKE_HAVE_LIBC_PTHREAD   CMakeFiles/cmTC_f7536.dir/src.c.o  -o cmTC_f7536   && :
/usr/bin/ld: CMakeFiles/cmTC_f7536.dir/src.c.o: в функции «main»:
src.c:(.text+0x46): неопределённая ссылка на «pthread_create»
/usr/bin/ld: src.c:(.text+0x52): неопределённая ссылка на «pthread_detach»
/usr/bin/ld: src.c:(.text+0x63): неопределённая ссылка на «pthread_join»
collect2: error: ld returned 1 exit status
ninja: build stopped: subcommand failed.


Source file was:
#include <pthread.h>

void* test_func(void* data)
{
  return data;
}

int main(void)
{
  pthread_t thread;
  pthread_create(&thread, NULL, test_func, NULL);
  pthread_detach(thread);
  pthread_join(thread, NULL);
  pthread_atfork(NULL, NULL, NULL);
  pthread_exit(NULL);

  return 0;
}

Determining if the function pthread_create exists in the pthreads failed with the following output:
Change Dir: /home/stas/source/ns-3.37/cmake-cache/CMakeFiles/CMakeTmp

Run Build Command(s):/usr/bin/ninja cmTC_4ccbc && [1/2] Building C object CMakeFiles/cmTC_4ccbc.dir/CheckFunctionExists.c.o
[2/2] Linking C executable cmTC_4ccbc
FAILED: cmTC_4ccbc 
: && /usr/bin/cc -DCHECK_FUNCTION_EXISTS=pthread_create   CMakeFiles/cmTC_4ccbc.dir/CheckFunctionExists.c.o  -o cmTC_4ccbc  -lpthreads && :
/usr/bin/ld: невозможно найти -lpthreads
collect2: error: ld returned 1 exit status
ninja: build stopped: subcommand failed.



Performing C++ SOURCE FILE Test HAVE_UINT128_T failed with the following output:
Change Dir: /home/stas/source/ns-3.37/cmake-cache/CMakeFiles/CMakeTmp

Run Build Command(s):/usr/bin/ninja cmTC_62418 && [1/2] Building CXX object CMakeFiles/cmTC_62418.dir/src.cxx.o
FAILED: CMakeFiles/cmTC_62418.dir/src.cxx.o 
/usr/bin/c++    -DHAVE_UINT128_T -fPIE   -std=gnu++17 -o CMakeFiles/cmTC_62418.dir/src.cxx.o -c src.cxx
src.cxx: In function ‘int main(int, char**)’:
src.cxx:5:18: error: ‘uint128_t’ was not declared in this scope; did you mean ‘uint32_t’?
    5 |             if ((uint128_t *) 0) return 0;
      |                  ^~~~~~~~~
      |                  uint32_t
src.cxx:5:29: error: expected primary-expression before ‘)’ token
    5 |             if ((uint128_t *) 0) return 0;
      |                             ^
src.cxx:5:30: error: expected ‘)’ before numeric constant
    5 |             if ((uint128_t *) 0) return 0;
      |                ~             ^~
      |                              )
src.cxx:6:25: error: ‘uint128_t’ was not declared in this scope; did you mean ‘uint32_t’?
    6 |             if (sizeof (uint128_t)) return 0;
      |                         ^~~~~~~~~
      |                         uint32_t
ninja: build stopped: subcommand failed.


Source file was:
#include <stdint.h>
       int main(int argc, char **argv)
         {
            (void)argc; (void)argv;
            if ((uint128_t *) 0) return 0;
            if (sizeof (uint128_t)) return 0;
            return 1;
         }
Determining if the include file net/netmap_user.h exists failed with the following output:
Change Dir: /home/stas/source/ns-3.37/cmake-cache/CMakeFiles/CMakeTmp

Run Build Command(s):/usr/bin/ninja cmTC_aa493 && [1/2] Building C object CMakeFiles/cmTC_aa493.dir/CheckIncludeFile.c.o
FAILED: CMakeFiles/cmTC_aa493.dir/CheckIncludeFile.c.o 
/usr/bin/cc   -fPIE -o CMakeFiles/cmTC_aa493.dir/CheckIncludeFile.c.o   -c CheckIncludeFile.c
CheckIncludeFile.c:1:10: fatal error: net/netmap_user.h: Нет такого файла или каталога
    1 | #include <net/netmap_user.h>
      |          ^~~~~~~~~~~~~~~~~~~
compilation terminated.
ninja: build stopped: subcommand failed.



